<?xml version="1.0" encoding="UTF-8"?>
<!-- Generated by org.testng.reporters.JUnitXMLReporter -->
<testsuite ignored="0" hostname="SIPL2016-03" failures="0" tests="3" name="Test" time="195.27" errors="0" timestamp="2024-10-04T18:39:00 IST">
  <testcase classname="com.entrata.test.FormInteractionTests" name="fillOutDemoRequestForm" time="33.885"/>
  <testcase classname="com.entrata.test.NavigationTests" name="navigateToSignInPage" time="41.942"/>
  <testcase classname="com.entrata.test.NavigationTests" name="verifyHomePageTitle" time="0.646"/>
</testsuite> <!-- Test -->
