<?xml version="1.0" encoding="UTF-8"?>
<!-- Generated by org.testng.reporters.JUnitXMLReporter -->
<testsuite ignored="0" hostname="SIPL2016-03" failures="0" tests="3" name="Default test" time="14.039" errors="0" timestamp="2024-10-10T16:42:14 IST">
  <testcase classname="com.entrata.test.IDS_loginTest" name="loginToIDS" time="4.487"/>
  <testcase classname="com.entrata.test.IDS_loginTest" name="loginToIDS" time="1.639"/>
  <testcase classname="com.entrata.test.IDS_loginTest" name="loginToIDS" time="0.869"/>
</testsuite> <!-- Default test -->
