<?xml version="1.0" encoding="UTF-8"?>
<!-- Generated by org.testng.reporters.JUnitXMLReporter -->
<testsuite ignored="0" hostname="SIPL2016-03" failures="0" tests="7" name="Test" time="74.555" errors="0" timestamp="2024-10-10T17:24:52 IST">
  <testcase classname="com.entrata.test.RevisionClass" name="LoginTO" time="30.585"/>
  <testcase classname="com.entrata.test.RevisionClass" name="Slider_task" time="8.65"/>
  <testcase classname="com.entrata.test.RevisionClass" name="frameTask" time="12.372"/>
  <testcase classname="com.entrata.test.RevisionClass" name="windows_task" time="5.59"/>
  <testcase classname="com.entrata.test.IDS_loginTest" name="loginToIDS" time="2.885"/>
  <testcase classname="com.entrata.test.IDS_loginTest" name="loginToIDS" time="1.326"/>
  <testcase classname="com.entrata.test.IDS_loginTest" name="loginToIDS" time="0.943"/>
</testsuite> <!-- Test -->
