<?xml version="1.0" encoding="UTF-8"?>
<!-- Generated by org.testng.reporters.JUnitXMLReporter -->
<testsuite ignored="0" hostname="SIPL2016-03" failures="0" tests="3" name="Test" time="232.21" errors="0" timestamp="2024-09-18T16:42:08 IST">
  <testcase classname="com.entrata.test.FormInteractionTests" name="fillOutDemoRequestForm" time="37.757"/>
  <testcase classname="com.entrata.test.NavigationTests" name="navigateToSignInPage" time="47.693"/>
  <testcase classname="com.entrata.test.NavigationTests" name="verifyHomePageTitle" time="0.556"/>
</testsuite> <!-- Test -->
