<?xml version="1.0" encoding="UTF-8"?>
<testng-results ignored="0" total="3" passed="3" failed="0" skipped="0">
  <reporter-output>
  </reporter-output>
  <suite started-at="2024-10-09T16:22:30 IST" name="Suite" finished-at="2024-10-09T16:23:38 IST" duration-ms="68258">
    <groups>
    </groups>
    <test started-at="2024-10-09T16:22:30 IST" name="Test" finished-at="2024-10-09T16:23:38 IST" duration-ms="68258">
      <class name="com.entrata.test.RevisionClass">
        <test-method is-config="true" signature="init()[pri:0, instance:com.entrata.test.RevisionClass@740cae06]" started-at="2024-10-09T16:22:30 IST" name="init" finished-at="2024-10-09T16:22:36 IST" duration-ms="6031" status="PASS">
          <reporter-output>
          </reporter-output>
        </test-method> <!-- init -->
        <test-method signature="LoginTO()[pri:0, instance:com.entrata.test.RevisionClass@740cae06]" started-at="2024-10-09T16:22:36 IST" name="LoginTO" finished-at="2024-10-09T16:23:10 IST" duration-ms="33749" status="PASS">
          <reporter-output>
          </reporter-output>
        </test-method> <!-- LoginTO -->
        <test-method signature="Slider_task()[pri:0, instance:com.entrata.test.RevisionClass@740cae06]" started-at="2024-10-09T16:23:10 IST" name="Slider_task" finished-at="2024-10-09T16:23:30 IST" duration-ms="19473" status="PASS">
          <reporter-output>
          </reporter-output>
        </test-method> <!-- Slider_task -->
        <test-method signature="windows_task()[pri:0, instance:com.entrata.test.RevisionClass@740cae06]" started-at="2024-10-09T16:23:30 IST" name="windows_task" finished-at="2024-10-09T16:23:38 IST" duration-ms="8590" status="PASS">
          <reporter-output>
          </reporter-output>
        </test-method> <!-- windows_task -->
      </class> <!-- com.entrata.test.RevisionClass -->
    </test> <!-- Test -->
  </suite> <!-- Suite -->
</testng-results>
