<?xml version="1.0" encoding="UTF-8"?>
<testng-results ignored="0" total="7" passed="7" failed="0" skipped="0">
  <reporter-output>
  </reporter-output>
  <suite started-at="2024-10-10T17:23:38 IST" name="Suite" finished-at="2024-10-10T17:24:52 IST" duration-ms="74555">
    <groups>
    </groups>
    <test started-at="2024-10-10T17:23:38 IST" name="Test" finished-at="2024-10-10T17:24:52 IST" duration-ms="74555">
      <class name="com.entrata.test.IDS_loginTest">
        <test-method is-config="true" signature="init()[pri:0, instance:com.entrata.test.IDS_loginTest@13d73f29]" started-at="2024-10-10T17:23:38 IST" name="init" finished-at="2024-10-10T17:23:44 IST" duration-ms="5942" status="PASS">
          <reporter-output>
          </reporter-output>
        </test-method> <!-- init -->
        <test-method signature="loginToIDS(java.lang.String,java.lang.String)[pri:0, instance:com.entrata.test.IDS_loginTest@13d73f29]" started-at="2024-10-10T17:24:47 IST" name="loginToIDS" data-provider="data-provider" finished-at="2024-10-10T17:24:50 IST" duration-ms="2885" status="PASS">
          <params>
            <param index="0">
              <value>
                <![CDATA[admin]]>
              </value>
            </param>
            <param index="1">
              <value>
                <![CDATA[edpsoftlink]]>
              </value>
            </param>
          </params>
          <reporter-output>
          </reporter-output>
        </test-method> <!-- loginToIDS -->
        <test-method signature="loginToIDS(java.lang.String,java.lang.String)[pri:0, instance:com.entrata.test.IDS_loginTest@13d73f29]" started-at="2024-10-10T17:24:50 IST" name="loginToIDS" data-provider="data-provider" finished-at="2024-10-10T17:24:52 IST" duration-ms="1326" status="PASS">
          <params>
            <param index="0">
              <value>
                <![CDATA[superadmin]]>
              </value>
            </param>
            <param index="1">
              <value>
                <![CDATA[super123]]>
              </value>
            </param>
          </params>
          <reporter-output>
          </reporter-output>
        </test-method> <!-- loginToIDS -->
        <test-method signature="loginToIDS(java.lang.String,java.lang.String)[pri:0, instance:com.entrata.test.IDS_loginTest@13d73f29]" started-at="2024-10-10T17:24:52 IST" name="loginToIDS" data-provider="data-provider" finished-at="2024-10-10T17:24:52 IST" duration-ms="943" status="PASS">
          <params>
            <param index="0">
              <value>
                <![CDATA[test]]>
              </value>
            </param>
            <param index="1">
              <value>
                <![CDATA[test123]]>
              </value>
            </param>
          </params>
          <reporter-output>
          </reporter-output>
        </test-method> <!-- loginToIDS -->
      </class> <!-- com.entrata.test.IDS_loginTest -->
      <class name="com.entrata.test.RevisionClass">
        <test-method is-config="true" signature="init()[pri:0, instance:com.entrata.test.RevisionClass@1224144a]" started-at="2024-10-10T17:23:44 IST" name="init" finished-at="2024-10-10T17:23:49 IST" duration-ms="4635" status="PASS">
          <reporter-output>
          </reporter-output>
        </test-method> <!-- init -->
        <test-method signature="LoginTO()[pri:0, instance:com.entrata.test.RevisionClass@1224144a]" started-at="2024-10-10T17:23:49 IST" name="LoginTO" finished-at="2024-10-10T17:24:19 IST" duration-ms="30585" status="PASS">
          <reporter-output>
          </reporter-output>
        </test-method> <!-- LoginTO -->
        <test-method signature="Slider_task()[pri:0, instance:com.entrata.test.RevisionClass@1224144a]" started-at="2024-10-10T17:24:20 IST" name="Slider_task" finished-at="2024-10-10T17:24:28 IST" duration-ms="8650" status="PASS">
          <reporter-output>
          </reporter-output>
        </test-method> <!-- Slider_task -->
        <test-method signature="frameTask()[pri:0, instance:com.entrata.test.RevisionClass@1224144a]" started-at="2024-10-10T17:24:28 IST" name="frameTask" finished-at="2024-10-10T17:24:41 IST" duration-ms="12372" status="PASS">
          <reporter-output>
          </reporter-output>
        </test-method> <!-- frameTask -->
        <test-method signature="windows_task()[pri:0, instance:com.entrata.test.RevisionClass@1224144a]" started-at="2024-10-10T17:24:41 IST" name="windows_task" finished-at="2024-10-10T17:24:46 IST" duration-ms="5590" status="PASS">
          <reporter-output>
          </reporter-output>
        </test-method> <!-- windows_task -->
      </class> <!-- com.entrata.test.RevisionClass -->
    </test> <!-- Test -->
  </suite> <!-- Suite -->
</testng-results>
