<?xml version="1.0" encoding="UTF-8"?>
<testng-results ignored="0" total="2" passed="2" failed="0" skipped="0">
  <reporter-output>
  </reporter-output>
  <suite started-at="2024-09-20T15:56:17 IST" name="Default suite" finished-at="2024-09-20T15:58:44 IST" duration-ms="147532">
    <groups>
    </groups>
    <test started-at="2024-09-20T15:56:17 IST" name="Default test" finished-at="2024-09-20T15:58:44 IST" duration-ms="147532">
      <class name="com.entrata.test.NavigationTests">
        <test-method is-config="true" signature="setup()[pri:0, instance:com.entrata.test.NavigationTests@20b2475a]" started-at="2024-09-20T15:56:17 IST" name="setup" finished-at="2024-09-20T15:57:12 IST" duration-ms="55203" status="PASS">
          <reporter-output>
          </reporter-output>
        </test-method> <!-- setup -->
        <test-method signature="navigateToSignInPage()[pri:0, instance:com.entrata.test.NavigationTests@20b2475a]" started-at="2024-09-20T15:57:12 IST" name="navigateToSignInPage" finished-at="2024-09-20T15:57:48 IST" duration-ms="35514" status="PASS">
          <reporter-output>
          </reporter-output>
        </test-method> <!-- navigateToSignInPage -->
        <test-method is-config="true" signature="teardown()[pri:0, instance:com.entrata.test.NavigationTests@20b2475a]" started-at="2024-09-20T15:57:48 IST" name="teardown" finished-at="2024-09-20T15:57:49 IST" duration-ms="1480" status="PASS">
          <reporter-output>
          </reporter-output>
        </test-method> <!-- teardown -->
        <test-method is-config="true" signature="setup()[pri:0, instance:com.entrata.test.NavigationTests@20b2475a]" started-at="2024-09-20T15:57:49 IST" name="setup" finished-at="2024-09-20T15:58:42 IST" duration-ms="52754" status="PASS">
          <reporter-output>
          </reporter-output>
        </test-method> <!-- setup -->
        <test-method signature="verifyHomePageTitle()[pri:0, instance:com.entrata.test.NavigationTests@20b2475a]" started-at="2024-09-20T15:58:42 IST" name="verifyHomePageTitle" finished-at="2024-09-20T15:58:43 IST" duration-ms="552" status="PASS">
          <reporter-output>
          </reporter-output>
        </test-method> <!-- verifyHomePageTitle -->
        <test-method is-config="true" signature="teardown()[pri:0, instance:com.entrata.test.NavigationTests@20b2475a]" started-at="2024-09-20T15:58:43 IST" name="teardown" finished-at="2024-09-20T15:58:44 IST" duration-ms="1729" status="PASS">
          <reporter-output>
          </reporter-output>
        </test-method> <!-- teardown -->
      </class> <!-- com.entrata.test.NavigationTests -->
    </test> <!-- Default test -->
  </suite> <!-- Default suite -->
</testng-results>
